2026-03-29 19:40:03 [INFO] [200-OK] System health check initiated by test script
2026-03-29 19:40:03 [ERROR] [500-INTERNAL] Mock database timeout
2026-03-29 19:40:11 [INFO] System Initialization COMPLETED
2026-03-29 19:40:17 [INFO] System Initialization COMPLETED
2026-03-29 19:50:29 [INFO] [200-OK] System health check initiated by test script
2026-03-29 19:50:29 [ERROR] [500-INTERNAL] Mock database timeout
2026-03-29 19:52:00 [INFO] System Initialization COMPLETED
2026-03-29 19:52:21 [INFO] System Initialization COMPLETED
2026-03-29 19:52:27 [INFO] System Initialization COMPLETED
2026-03-29 19:59:39 [INFO] System Initialization COMPLETED
2026-03-29 19:59:48 [INFO] System Initialization COMPLETED
2026-03-29 20:06:49 [INFO] [INIT-DONE] System Initialization COMPLETED
2026-03-29 20:06:49 [INFO] [DB-CONNECT] PostgreSQL connectivity established
2026-03-29 20:06:57 [INFO] [INIT-DONE] System Initialization COMPLETED
2026-03-29 20:06:57 [INFO] [DB-CONNECT] PostgreSQL connectivity established
2026-03-29 20:07:05 [INFO] [INIT-DONE] System Initialization COMPLETED
2026-03-29 20:07:05 [INFO] [DB-CONNECT] PostgreSQL connectivity established
2026-03-29 20:09:56 [INFO] [INIT-DONE] System Initialization COMPLETED
2026-03-29 20:09:56 [INFO] [DB-CONNECT] PostgreSQL connectivity established
2026-03-29 20:10:03 [INFO] [INIT-DONE] System Initialization COMPLETED
2026-03-29 20:10:03 [INFO] [DB-CONNECT] PostgreSQL connectivity established
2026-03-29 20:23:21 [ERROR] [500-INTERNAL] Crash in /api/admin/health/sessions/USE-000006: create_success_response() missing 1 required positional argument: 'data'
2026-03-29 20:23:55 [INFO] [INIT-DONE] System Initialization COMPLETED
2026-03-29 20:23:55 [INFO] [DB-CONNECT] PostgreSQL connectivity established
2026-03-29 20:44:09 [INFO] [INIT-DONE] System Initialization COMPLETED
2026-03-29 20:44:09 [INFO] [DB-CONNECT] PostgreSQL connectivity established
2026-03-29 20:44:24 [INFO] [INIT-DONE] System Initialization COMPLETED
2026-03-29 20:44:24 [INFO] [DB-CONNECT] PostgreSQL connectivity established
2026-03-29 20:44:31 [INFO] [INIT-DONE] System Initialization COMPLETED
2026-03-29 20:44:31 [INFO] [DB-CONNECT] PostgreSQL connectivity established
